Their pace is quickening.
Take some rest. These borders are well protected.
 The charge cloud will be at x0 = 5 and y0 = 6
1 steps in x, 1 steps in y.
 PRF Step-size in x/y-direction is 1 / 1
 li, lx, ly -- 1 -- 0 -- 0
dt is 50 ns
 Overall time: 
 li, lx, ly -- 1 -- 0 -- 1
dt is 50 ns
 Overall time: 
 li, lx, ly -- 1 -- 1 -- 0
dt is 50 ns
 Overall time: 
 li, lx, ly -- 1 -- 1 -- 1
dt is 50 ns
 Overall time: 
1 Pad(s) have been calculated for.
 li, lx, ly -- 2 -- 0 -- 0
dt is 50 ns
 Overall time: 
 li, lx, ly -- 2 -- 0 -- 1
dt is 50 ns
 Overall time: 
 li, lx, ly -- 2 -- 1 -- 0
dt is 50 ns
 Overall time: 
 li, lx, ly -- 2 -- 1 -- 1
dt is 50 ns
 Overall time: 
2 Pad(s) have been calculated for.
 li, lx, ly -- 3 -- 0 -- 0
dt is 50 ns
 Overall time: 
 li, lx, ly -- 3 -- 0 -- 1
dt is 50 ns
 Overall time: 
 li, lx, ly -- 3 -- 1 -- 0
dt is 50 ns
 Overall time: 
 li, lx, ly -- 3 -- 1 -- 1
dt is 50 ns
 Overall time: 
3 Pad(s) have been calculated for.
 li, lx, ly -- 4 -- 0 -- 0
dt is 50 ns
 Overall time: 
 li, lx, ly -- 4 -- 0 -- 1
dt is 50 ns
 Overall time: 
 li, lx, ly -- 4 -- 1 -- 0
dt is 50 ns
 Overall time: 
 li, lx, ly -- 4 -- 1 -- 1
dt is 50 ns
 Overall time: 
4 Pad(s) have been calculated for.
 li, lx, ly -- 5 -- 0 -- 0
dt is 50 ns
 Overall time: 
 li, lx, ly -- 5 -- 0 -- 1
dt is 50 ns
 Overall time: 
 li, lx, ly -- 5 -- 1 -- 0
dt is 50 ns
 Overall time: 
 li, lx, ly -- 5 -- 1 -- 1
dt is 50 ns
 Overall time: 
5 Pad(s) have been calculated for.
 li, lx, ly -- 6 -- 0 -- 0
dt is 50 ns
 Overall time: 
 li, lx, ly -- 6 -- 0 -- 1
dt is 50 ns
 Overall time: 
 li, lx, ly -- 6 -- 1 -- 0
dt is 50 ns
 Overall time: 
 li, lx, ly -- 6 -- 1 -- 1
dt is 50 ns
 Overall time: 
6 Pad(s) have been calculated for.
 li, lx, ly -- 7 -- 0 -- 0
dt is 50 ns
 Overall time: 
 li, lx, ly -- 7 -- 0 -- 1
dt is 50 ns
 Overall time: 
 li, lx, ly -- 7 -- 1 -- 0
dt is 50 ns
 Overall time: 
 li, lx, ly -- 7 -- 1 -- 1
dt is 50 ns
 Overall time: 
7 Pad(s) have been calculated for.
 li, lx, ly -- 8 -- 0 -- 0
dt is 50 ns
 Overall time: 
 li, lx, ly -- 8 -- 0 -- 1
dt is 50 ns
 Overall time: 
 li, lx, ly -- 8 -- 1 -- 0
dt is 50 ns
 Overall time: 
 li, lx, ly -- 8 -- 1 -- 1
dt is 50 ns
 Overall time: 
8 Pad(s) have been calculated for.
 li, lx, ly -- 9 -- 0 -- 0
dt is 50 ns
 Overall time: 
 li, lx, ly -- 9 -- 0 -- 1
dt is 50 ns
 Overall time: 
 li, lx, ly -- 9 -- 1 -- 0
dt is 50 ns
 Overall time: 
 li, lx, ly -- 9 -- 1 -- 1
dt is 50 ns
 Overall time: 
9 Pad(s) have been calculated for.
 li, lx, ly -- 10 -- 0 -- 0
dt is 50 ns
 Overall time: 
 li, lx, ly -- 10 -- 0 -- 1
dt is 50 ns
 Overall time: 
 li, lx, ly -- 10 -- 1 -- 0
dt is 50 ns
 Overall time: 
 li, lx, ly -- 10 -- 1 -- 1
dt is 50 ns
Closing histogram-file.
 Overall time: 
10 Pad(s) have been calculated for.


